Running: C:\Xilinx\14.7\ISE_DS\ISE\bin\nt64\unwrapped\fuse.exe -intstyle ise -incremental -lib unisims_ver -lib unimacro_ver -lib xilinxcorelib_ver -o C:/Users/Leonard Florian Nuta/Desktop/AC/skel/skel/top_isim_beh.exe -prj C:/Users/Leonard Florian Nuta/Desktop/AC/skel/skel/top_beh.prj work.top work.glbl 
ISim P.20131013 (signature 0x7708f090)
Number of CPUs detected in this system: 12
Turning on mult-threading, number of parallel sub-compilation jobs: 24 
Determining compilation order of HDL files
Analyzing Verilog file "C:/Users/Leonard Florian Nuta/Desktop/AC/skel/skel/process.v" into library work
Analyzing Verilog file "C:/Users/Leonard Florian Nuta/Desktop/AC/skel/skel/image.v" into library work
Analyzing Verilog file "C:/Users/Leonard Florian Nuta/Desktop/AC/skel/skel/test.v" into library work
Analyzing Verilog file "C:/Xilinx/14.7/ISE_DS/ISE//verilog/src/glbl.v" into library work
Starting static elaboration
Completed static elaboration
Compiling module process
Compiling module image
Compiling module top
Compiling module glbl
Time Resolution for simulation is 1ps.
Compiled 4 Verilog Units
Built simulation executable C:/Users/Leonard Florian Nuta/Desktop/AC/skel/skel/top_isim_beh.exe
Fuse Memory Usage: 28292 KB
Fuse CPU Usage: 234 ms
